\BOOKMARK [0][-]{chapter.1}{\376\377\000S\000y\000n\000o\000p\000s\000i\000s}{}% 1
\BOOKMARK [1][-]{section.1.1}{\376\377\000P\000r\000o\000j\000e\000c\000t\000\040\000T\000i\000t\000l\000e}{chapter.1}% 2
\BOOKMARK [1][-]{section.1.2}{\376\377\000\040\000P\000r\000o\000j\000e\000c\000t\000\040\000O\000p\000t\000i\000o\000n\000\040}{chapter.1}% 3
\BOOKMARK [1][-]{section.1.3}{\376\377\000I\000n\000t\000e\000r\000n\000a\000l\000\040\000G\000u\000i\000d\000e}{chapter.1}% 4
\BOOKMARK [1][-]{section.1.4}{\376\377\000\040\000S\000p\000o\000n\000s\000o\000r\000s\000h\000i\000p\000\040\000a\000n\000d\000\040\000E\000x\000t\000e\000r\000n\000a\000l\000\040\000G\000u\000i\000d\000e}{chapter.1}% 5
\BOOKMARK [1][-]{section.1.5}{\376\377\000T\000e\000c\000h\000n\000i\000c\000a\000l\000\040\000K\000e\000y\000w\000o\000r\000d\000s\000\040\000\050\000A\000s\000\040\000p\000e\000r\000\040\000A\000C\000M\000\040\000K\000e\000y\000w\000o\000r\000d\000s\000\051}{chapter.1}% 6
\BOOKMARK [1][-]{section.1.6}{\376\377\000P\000r\000o\000b\000l\000e\000m\000\040\000S\000t\000a\000t\000e\000m\000e\000n\000t}{chapter.1}% 7
\BOOKMARK [1][-]{section.1.7}{\376\377\000A\000b\000s\000t\000r\000a\000c\000t}{chapter.1}% 8
\BOOKMARK [1][-]{section.1.8}{\376\377\000G\000o\000a\000l\000s\000\040\000a\000n\000d\000\040\000O\000b\000j\000e\000c\000t\000i\000v\000e\000s}{chapter.1}% 9
\BOOKMARK [1][-]{section.1.9}{\376\377\000R\000e\000l\000e\000v\000a\000n\000t\000\040\000m\000a\000t\000h\000e\000m\000a\000t\000i\000c\000s\000\040\000a\000s\000s\000o\000c\000i\000a\000t\000e\000d\000\040\000w\000i\000t\000h\000\040\000t\000h\000e\000\040\000P\000r\000o\000j\000e\000c\000t}{chapter.1}% 10
\BOOKMARK [1][-]{section.1.10}{\376\377\000R\000e\000v\000i\000e\000w\000\040\000o\000f\000\040\000C\000o\000n\000f\000e\000r\000e\000n\000c\000e\000/\000J\000o\000u\000r\000n\000a\000l\000\040\000P\000a\000p\000e\000r\000s\000\040\000S\000u\000p\000p\000o\000r\000t\000i\000n\000g\000\040\000P\000r\000o\000j\000e\000c\000t\000\040\000I\000d\000e\000a}{chapter.1}% 11
\BOOKMARK [1][-]{section.1.11}{\376\377\000P\000l\000a\000n\000\040\000o\000f\000\040\000P\000r\000o\000j\000e\000c\000t\000\040\000E\000x\000e\000c\000u\000t\000i\000o\000n}{chapter.1}% 12
\BOOKMARK [0][-]{chapter.2}{\376\377\000T\000e\000c\000h\000n\000i\000c\000a\000l\000\040\000K\000e\000y\000w\000o\000r\000d\000s}{}% 13
\BOOKMARK [1][-]{section.2.1}{\376\377\000A\000r\000e\000a\000\040\000o\000f\000\040\000P\000r\000o\000j\000e\000c\000t}{chapter.2}% 14
\BOOKMARK [1][-]{section.2.2}{\376\377\000T\000e\000c\000h\000n\000i\000c\000a\000l\000\040\000K\000e\000y\000w\000o\000r\000d\000s}{chapter.2}% 15
\BOOKMARK [0][-]{chapter.3}{\376\377\000I\000n\000t\000r\000o\000d\000u\000c\000t\000i\000o\000n}{}% 16
\BOOKMARK [1][-]{section.3.1}{\376\377\000P\000r\000o\000j\000e\000c\000t\000\040\000I\000d\000e\000a}{chapter.3}% 17
\BOOKMARK [1][-]{section.3.2}{\376\377\000M\000o\000t\000i\000v\000a\000t\000i\000o\000n\000\040\000o\000f\000\040\000t\000h\000e\000\040\000P\000r\000o\000j\000e\000c\000t}{chapter.3}% 18
\BOOKMARK [1][-]{section.3.3}{\376\377\000L\000i\000t\000e\000r\000a\000t\000u\000r\000e\000\040\000S\000u\000r\000v\000e\000y}{chapter.3}% 19
\BOOKMARK [0][-]{chapter.4}{\376\377\000P\000r\000o\000b\000l\000e\000m\000\040\000D\000e\000f\000i\000n\000i\000t\000i\000o\000n\000\040\000a\000n\000d\000\040\000s\000c\000o\000p\000e}{}% 20
\BOOKMARK [1][-]{section.4.1}{\376\377\000P\000r\000o\000b\000l\000e\000m\000\040\000S\000t\000a\000t\000e\000m\000e\000n\000t}{chapter.4}% 21
\BOOKMARK [2][-]{subsection.4.1.1}{\376\377\000G\000o\000a\000l\000s\000\040\000a\000n\000d\000\040\000O\000b\000j\000e\000c\000t\000i\000v\000e\000s}{section.4.1}% 22
\BOOKMARK [2][-]{subsection.4.1.2}{\376\377\000S\000t\000a\000t\000e\000m\000e\000n\000t\000\040\000o\000f\000\040\000s\000c\000o\000p\000e}{section.4.1}% 23
\BOOKMARK [1][-]{section.4.2}{\376\377\000M\000a\000j\000o\000r\000\040\000C\000o\000n\000s\000t\000r\000a\000i\000n\000t\000s}{chapter.4}% 24
\BOOKMARK [1][-]{section.4.3}{\376\377\000M\000e\000t\000h\000o\000d\000o\000l\000o\000g\000i\000e\000s\000\040\000o\000f\000\040\000P\000r\000o\000b\000l\000e\000m\000\040\000S\000o\000l\000v\000i\000n\000g\000\040\000a\000n\000d\000\040\000E\000f\000f\000i\000c\000i\000e\000n\000c\000y\000\040\000I\000s\000s\000u\000e\000s}{chapter.4}% 25
\BOOKMARK [1][-]{section.4.4}{\376\377\000O\000u\000t\000c\000o\000m\000e}{chapter.4}% 26
\BOOKMARK [1][-]{section.4.5}{\376\377\000A\000p\000p\000l\000i\000c\000a\000t\000i\000o\000n\000s}{chapter.4}% 27
\BOOKMARK [1][-]{section.4.6}{\376\377\000H\000a\000r\000d\000w\000a\000r\000e\000\040\000R\000e\000s\000o\000u\000r\000c\000e\000s\000\040\000R\000e\000q\000u\000i\000r\000e\000d}{chapter.4}% 28
\BOOKMARK [1][-]{section.4.7}{\376\377\000S\000o\000f\000t\000w\000a\000r\000e\000\040\000R\000e\000s\000o\000u\000r\000c\000e\000s\000\040\000R\000e\000q\000u\000i\000r\000e\000d}{chapter.4}% 29
\BOOKMARK [0][-]{chapter.5}{\376\377\000P\000R\000O\000J\000E\000C\000T\000\040\000P\000L\000A\000N}{}% 30
\BOOKMARK [1][-]{section.5.1}{\376\377\000P\000r\000o\000j\000e\000c\000t\000\040\000E\000s\000t\000i\000m\000a\000t\000e\000s}{chapter.5}% 31
\BOOKMARK [2][-]{subsection.5.1.1}{\376\377\000R\000e\000c\000o\000n\000c\000i\000l\000e\000d\000\040\000E\000s\000t\000i\000m\000a\000t\000e\000s}{section.5.1}% 32
\BOOKMARK [2][-]{subsection.5.1.2}{\376\377\000P\000r\000o\000j\000e\000c\000t\000\040\000R\000e\000s\000o\000u\000r\000c\000e\000s}{section.5.1}% 33
\BOOKMARK [2][-]{subsection.5.1.3}{\376\377\000R\000i\000s\000k\000\040\000I\000d\000e\000n\000t\000i\000f\000i\000c\000a\000t\000i\000o\000n}{section.5.1}% 34
\BOOKMARK [2][-]{subsection.5.1.4}{\376\377\000R\000i\000s\000k\000\040\000A\000n\000a\000l\000y\000s\000i\000s}{section.5.1}% 35
\BOOKMARK [2][-]{subsection.5.1.5}{\376\377\000O\000v\000e\000r\000v\000i\000e\000w\000\040\000o\000f\000\040\000R\000i\000s\000k\000\040\000M\000i\000t\000i\000g\000a\000t\000i\000o\000n\000,\000\040\000M\000o\000n\000i\000t\000o\000r\000i\000n\000g\000,\000\040\000M\000a\000n\000a\000g\000e\000m\000e\000n\000t}{section.5.1}% 36
\BOOKMARK [1][-]{section.5.2}{\376\377\000P\000r\000o\000j\000e\000c\000t\000\040\000S\000c\000h\000e\000d\000u\000l\000e}{chapter.5}% 37
\BOOKMARK [2][-]{subsection.5.2.1}{\376\377\000P\000r\000o\000j\000e\000c\000t\000\040\000t\000a\000s\000k\000\040\000s\000e\000t}{section.5.2}% 38
\BOOKMARK [2][-]{subsection.5.2.2}{\376\377\000T\000a\000s\000k\000\040\000n\000e\000t\000w\000o\000r\000k}{section.5.2}% 39
\BOOKMARK [2][-]{subsection.5.2.3}{\376\377\000T\000i\000m\000e\000l\000i\000n\000e\000\040\000C\000h\000a\000r\000t}{section.5.2}% 40
\BOOKMARK [1][-]{section.5.3}{\376\377\000T\000e\000a\000m\000\040\000O\000r\000g\000a\000n\000i\000z\000a\000t\000i\000o\000n}{chapter.5}% 41
\BOOKMARK [2][-]{subsection.5.3.1}{\376\377\000T\000e\000a\000m\000\040\000s\000t\000r\000u\000c\000t\000u\000r\000e}{section.5.3}% 42
\BOOKMARK [2][-]{subsection.5.3.2}{\376\377\000M\000a\000n\000a\000g\000e\000m\000e\000n\000t\000\040\000r\000e\000p\000o\000r\000t\000i\000n\000g\000\040\000a\000n\000d\000\040\000c\000o\000m\000m\000u\000n\000i\000c\000a\000t\000i\000o\000n}{section.5.3}% 43
\BOOKMARK [0][-]{chapter.6}{\376\377\000S\000O\000F\000T\000W\000A\000R\000E\000\040\000R\000E\000Q\000U\000I\000R\000E\000M\000E\000N\000T\000\040\000S\000P\000E\000C\000I\000F\000I\000C\000A\000T\000I\000O\000N}{}% 44
\BOOKMARK [1][-]{section.6.1}{\376\377\000I\000n\000t\000r\000o\000d\000u\000c\000t\000i\000o\000n}{chapter.6}% 45
\BOOKMARK [2][-]{subsection.6.1.1}{\376\377\000P\000u\000r\000p\000o\000s\000e\000\040\000a\000n\000d\000\040\000S\000c\000o\000p\000e\000\040\000o\000f\000\040\000D\000o\000c\000u\000m\000e\000n\000t}{section.6.1}% 46
\BOOKMARK [2][-]{subsection.6.1.2}{\376\377\000O\000v\000e\000r\000v\000i\000e\000w\000\040\000o\000f\000\040\000R\000e\000s\000p\000o\000n\000s\000i\000b\000i\000l\000i\000t\000i\000e\000s\000\040\000o\000f\000\040\000D\000e\000v\000e\000l\000o\000p\000e\000r}{section.6.1}% 47
\BOOKMARK [1][-]{section.6.2}{\376\377\000U\000s\000a\000g\000e\000\040\000S\000c\000e\000n\000a\000r\000i\000o}{chapter.6}% 48
\BOOKMARK [2][-]{subsection.6.2.1}{\376\377\000U\000s\000e\000r\000\040\000P\000r\000o\000f\000i\000l\000e\000s}{section.6.2}% 49
\BOOKMARK [2][-]{subsection.6.2.2}{\376\377\000U\000s\000e\000-\000c\000a\000s\000e\000s}{section.6.2}% 50
\BOOKMARK [2][-]{subsection.6.2.3}{\376\377\000U\000s\000e\000\040\000C\000a\000s\000e\000\040\000V\000i\000e\000w}{section.6.2}% 51
\BOOKMARK [1][-]{section.6.3}{\376\377\000D\000a\000t\000a\000\040\000M\000o\000d\000e\000l\000\040\000a\000n\000d\000\040\000D\000e\000s\000c\000r\000i\000p\000t\000i\000o\000n}{chapter.6}% 52
\BOOKMARK [2][-]{subsection.6.3.1}{\376\377\000D\000a\000t\000a\000\040\000D\000e\000s\000c\000r\000i\000p\000t\000i\000o\000n}{section.6.3}% 53
\BOOKMARK [2][-]{subsection.6.3.2}{\376\377\000D\000a\000t\000a\000\040\000o\000b\000j\000e\000c\000t\000s\000\040\000a\000n\000d\000\040\000R\000e\000l\000a\000t\000i\000o\000n\000s\000h\000i\000p\000s}{section.6.3}% 54
\BOOKMARK [1][-]{section.6.4}{\376\377\000F\000u\000n\000c\000t\000i\000o\000n\000a\000l\000\040\000M\000o\000d\000e\000l\000\040\000a\000n\000d\000\040\000D\000e\000s\000c\000r\000i\000p\000t\000i\000o\000n}{chapter.6}% 55
\BOOKMARK [2][-]{subsection.6.4.1}{\376\377\000D\000a\000t\000a\000\040\000F\000l\000o\000w\000\040\000D\000i\000a\000g\000r\000a\000m}{section.6.4}% 56
\BOOKMARK [2][-]{subsection.6.4.2}{\376\377\000N\000o\000n\000\040\000F\000u\000n\000c\000t\000i\000o\000n\000a\000l\000\040\000R\000e\000q\000u\000i\000r\000e\000m\000e\000n\000t\000s\000:}{section.6.4}% 57
\BOOKMARK [2][-]{subsection.6.4.3}{\376\377\000S\000t\000a\000t\000e\000\040\000D\000i\000a\000g\000r\000a\000m\000:}{section.6.4}% 58
\BOOKMARK [0][-]{chapter.7}{\376\377\000D\000E\000T\000A\000I\000L\000E\000D\000\040\000D\000E\000S\000I\000G\000N\000\040\000D\000O\000C\000U\000M\000E\000N\000T\000\040\000A\000P\000P\000E\000N\000D\000I\000X\000\040\000A\000\040\000A\000N\000D\000\040\000B}{}% 59
\BOOKMARK [1][-]{section.7.1}{\376\377\000I\000n\000t\000r\000o\000d\000u\000c\000t\000i\000o\000n}{chapter.7}% 60
\BOOKMARK [1][-]{section.7.2}{\376\377\000A\000r\000c\000h\000i\000t\000e\000c\000t\000u\000r\000a\000l\000\040\000D\000e\000s\000i\000g\000n}{chapter.7}% 61
\BOOKMARK [1][-]{section.7.3}{\376\377\000D\000a\000t\000a\000\040\000d\000e\000s\000i\000g\000n\000\040\000\050\000U\000S\000I\000N\000G\000\040\000A\000P\000P\000E\000N\000D\000I\000C\000E\000S\000\040\000A\000\040\000A\000N\000D\000\040\000B\000\051}{chapter.7}% 62
\BOOKMARK [2][-]{subsection.7.3.1}{\376\377\000I\000n\000t\000e\000r\000n\000a\000l\000\040\000s\000o\000f\000t\000w\000a\000r\000e\000\040\000d\000a\000t\000a\000\040\000s\000t\000r\000u\000c\000t\000u\000r\000e}{section.7.3}% 63
\BOOKMARK [2][-]{subsection.7.3.2}{\376\377\000G\000l\000o\000b\000a\000l\000\040\000d\000a\000t\000a\000\040\000s\000t\000r\000u\000c\000t\000u\000r\000e}{section.7.3}% 64
\BOOKMARK [2][-]{subsection.7.3.3}{\376\377\000T\000e\000m\000p\000o\000r\000a\000r\000y\000\040\000d\000a\000t\000a\000\040\000s\000t\000r\000u\000c\000t\000u\000r\000e}{section.7.3}% 65
\BOOKMARK [2][-]{subsection.7.3.4}{\376\377\000D\000a\000t\000a\000b\000a\000s\000e\000\040\000d\000e\000s\000c\000r\000i\000p\000t\000i\000o\000n}{section.7.3}% 66
\BOOKMARK [1][-]{section.7.4}{\376\377\000C\000o\000m\000p\000o\000n\000e\000n\000t\000\040\000D\000e\000s\000i\000g\000n}{chapter.7}% 67
\BOOKMARK [2][-]{subsection.7.4.1}{\376\377\000C\000l\000a\000s\000s\000\040\000D\000i\000a\000g\000r\000a\000m}{section.7.4}% 68
\BOOKMARK [2][-]{subsection.7.4.2}{\376\377\000S\000e\000q\000u\000e\000n\000c\000e\000\040\000D\000i\000a\000g\000r\000a\000m}{section.7.4}% 69
\BOOKMARK [0][-]{chapter.8}{\376\377\000P\000r\000o\000j\000e\000c\000t\000\040\000I\000m\000p\000l\000e\000m\000e\000n\000t\000a\000t\000i\000o\000n}{}% 70
\BOOKMARK [1][-]{section.8.1}{\376\377\000I\000n\000t\000r\000o\000d\000u\000c\000t\000i\000o\000n}{chapter.8}% 71
\BOOKMARK [1][-]{section.8.2}{\376\377\000T\000o\000o\000l\000s\000\040\000a\000n\000d\000\040\000T\000e\000c\000h\000n\000o\000l\000o\000g\000i\000e\000s\000\040\000U\000s\000e\000d}{chapter.8}% 72
\BOOKMARK [1][-]{section.8.3}{\376\377\000M\000e\000t\000h\000o\000d\000o\000l\000o\000g\000i\000e\000s\000/\000A\000l\000g\000o\000r\000i\000t\000h\000m\000\040\000D\000e\000t\000a\000i\000l\000s}{chapter.8}% 73
\BOOKMARK [2][-]{subsection.8.3.1}{\376\377\000A\000l\000g\000o\000r\000i\000t\000h\000m\000\040\0001\000:\000\040\000R\000e\000a\000l\000-\000t\000i\000m\000e\000\040\000I\000o\000T\000\040\000D\000a\000t\000a\000\040\000P\000r\000o\000c\000e\000s\000s\000i\000n\000g\000\040\000a\000n\000d\000\040\000V\000a\000l\000i\000d\000a\000t\000i\000o\000n}{section.8.3}% 74
\BOOKMARK [2][-]{subsection.8.3.2}{\376\377\000A\000l\000g\000o\000r\000i\000t\000h\000m\000\040\0002\000:\000\040\000A\000u\000t\000o\000m\000a\000t\000e\000d\000\040\000C\000a\000r\000b\000o\000n\000\040\000C\000r\000e\000d\000i\000t\000\040\000T\000o\000k\000e\000n\000i\000z\000a\000t\000i\000o\000n}{section.8.3}% 75
\BOOKMARK [1][-]{section.8.4}{\376\377\000V\000e\000r\000i\000f\000i\000c\000a\000t\000i\000o\000n\000\040\000a\000n\000d\000\040\000V\000a\000l\000i\000d\000a\000t\000i\000o\000n\000\040\000f\000o\000r\000\040\000A\000c\000c\000e\000p\000t\000a\000n\000c\000e}{chapter.8}% 76
\BOOKMARK [0][-]{chapter.9}{\376\377\000S\000o\000f\000t\000w\000a\000r\000e\000\040\000T\000e\000s\000t\000i\000n\000g}{}% 77
\BOOKMARK [1][-]{section.9.1}{\376\377\000T\000y\000p\000e\000\040\000o\000f\000\040\000T\000e\000s\000t\000i\000n\000g\000\040\000U\000s\000e\000d}{chapter.9}% 78
\BOOKMARK [1][-]{section.9.2}{\376\377\000S\000y\000s\000t\000e\000m\000\040\000T\000e\000s\000t\000i\000n\000g}{chapter.9}% 79
\BOOKMARK [1][-]{section.9.3}{\376\377\000S\000e\000c\000u\000r\000i\000t\000y\000\040\000T\000e\000s\000t\000i\000n\000g}{chapter.9}% 80
\BOOKMARK [1][-]{section.9.4}{\376\377\000P\000e\000r\000f\000o\000r\000m\000a\000n\000c\000e\000\040\000T\000e\000s\000t\000i\000n\000g}{chapter.9}% 81
\BOOKMARK [1][-]{section.9.5}{\376\377\000T\000e\000s\000t\000i\000n\000g\000\040\000S\000t\000r\000a\000t\000e\000g\000y}{chapter.9}% 82
\BOOKMARK [2][-]{subsection.9.5.1}{\376\377\000B\000l\000o\000c\000k\000c\000h\000a\000i\000n\000\040\000T\000e\000s\000t\000i\000n\000g}{section.9.5}% 83
\BOOKMARK [2][-]{subsection.9.5.2}{\376\377\000I\000o\000T\000\040\000T\000e\000s\000t\000i\000n\000g}{section.9.5}% 84
\BOOKMARK [2][-]{subsection.9.5.3}{\376\377\000I\000n\000t\000e\000g\000r\000a\000t\000i\000o\000n\000\040\000T\000e\000s\000t\000i\000n\000g}{section.9.5}% 85
\BOOKMARK [1][-]{section.9.6}{\376\377\000T\000e\000s\000t\000\040\000C\000a\000s\000e\000s\000\040\000a\000n\000d\000\040\000T\000e\000s\000t\000\040\000R\000e\000s\000u\000l\000t\000s}{chapter.9}% 86
\BOOKMARK [1][-]{section.9.7}{\376\377\000I\000o\000T\000\040\000I\000n\000t\000e\000g\000r\000a\000t\000i\000o\000n\000\040\000T\000e\000s\000t\000i\000n\000g\000\040\000R\000e\000s\000u\000l\000t\000s}{chapter.9}% 87
\BOOKMARK [1][-]{section.9.8}{\376\377\000B\000l\000o\000c\000k\000c\000h\000a\000i\000n\000\040\000P\000e\000r\000f\000o\000r\000m\000a\000n\000c\000e\000\040\000T\000e\000s\000t\000\040\000C\000a\000s\000e\000s\000\040\000-\000\040\000H\000e\000d\000e\000r\000a\000\040\000H\000a\000s\000h\000g\000r\000a\000p\000h}{chapter.9}% 88
\BOOKMARK [1][-]{section.9.9}{\376\377\000S\000m\000a\000r\000t\000\040\000C\000o\000n\000t\000r\000a\000c\000t\000\040\000S\000e\000c\000u\000r\000i\000t\000y\000\040\000T\000e\000s\000t\000\040\000C\000a\000s\000e\000s\000\040\000-\000\040\000E\000R\000C\000-\0007\0002\0001\000\040\000C\000a\000r\000b\000o\000n\000\040\000T\000o\000k\000e\000n}{chapter.9}% 89
\BOOKMARK [0][-]{chapter.10}{\376\377\000R\000e\000s\000u\000l\000t\000s}{}% 90
\BOOKMARK [1][-]{section.10.1}{\376\377\000S\000c\000r\000e\000e\000n\000s\000h\000o\000t\000s}{chapter.10}% 91
\BOOKMARK [1][-]{section.10.2}{\376\377\000O\000u\000t\000p\000u\000t\000s}{chapter.10}% 92
\BOOKMARK [0][-]{chapter.11}{\376\377\000D\000e\000p\000l\000o\000y\000m\000e\000n\000t\000\040\000a\000n\000d\000\040\000M\000a\000i\000n\000t\000e\000n\000a\000n\000c\000e}{}% 93
\BOOKMARK [1][-]{section.11.1}{\376\377\000I\000n\000s\000t\000a\000l\000l\000a\000t\000i\000o\000n\000\040\000a\000n\000d\000\040\000U\000n\000-\000i\000n\000s\000t\000a\000l\000l\000a\000t\000i\000o\000n}{chapter.11}% 94
\BOOKMARK [2][-]{subsection.11.1.1}{\376\377\000I\000n\000s\000t\000a\000l\000l\000a\000t\000i\000o\000n\000\040\000P\000r\000o\000c\000e\000s\000s}{section.11.1}% 95
\BOOKMARK [2][-]{subsection.11.1.2}{\376\377\000U\000n\000-\000i\000n\000s\000t\000a\000l\000l\000a\000t\000i\000o\000n\000\040\000P\000r\000o\000c\000e\000s\000s}{section.11.1}% 96
\BOOKMARK [1][-]{section.11.2}{\376\377\000U\000s\000e\000r\000\040\000H\000e\000l\000p}{chapter.11}% 97
\BOOKMARK [2][-]{subsection.11.2.1}{\376\377\000U\000s\000e\000r\000\040\000M\000a\000n\000u\000a\000l}{section.11.2}% 98
\BOOKMARK [2][-]{subsection.11.2.2}{\376\377\000F\000A\000Q\000s}{section.11.2}% 99
\BOOKMARK [2][-]{subsection.11.2.3}{\376\377\000S\000u\000p\000p\000o\000r\000t\000\040\000C\000o\000n\000t\000a\000c\000t\000\040\000I\000n\000f\000o\000r\000m\000a\000t\000i\000o\000n}{section.11.2}% 100
\BOOKMARK [0][-]{chapter.12}{\376\377\000C\000o\000n\000c\000l\000u\000s\000i\000o\000n\000\040\000a\000n\000d\000\040\000F\000u\000t\000u\000r\000e\000\040\000S\000c\000o\000p\000e}{}% 101
\BOOKMARK [1][-]{section.12.1}{\376\377\000C\000o\000n\000c\000l\000u\000s\000i\000o\000n}{chapter.12}% 102
\BOOKMARK [1][-]{section.12.2}{\376\377\000F\000u\000t\000u\000r\000e\000\040\000S\000c\000o\000p\000e}{chapter.12}% 103
\BOOKMARK [0][-]{section.12.2}{\376\377\000R\000e\000f\000e\000r\000e\000n\000c\000e\000s}{}% 104
\BOOKMARK [0][-]{chapter.13}{\376\377\000R\000e\000f\000e\000r\000e\000n\000c\000e\000s}{}% 105
\BOOKMARK [1][-]{section.13.1}{\376\377\000R\000e\000f\000e\000r\000e\000n\000c\000e\000s}{chapter.13}% 106
\BOOKMARK [0][-]{appendix.1.A}{\376\377\000A\000n\000n\000e\000x\000u\000r\000e\000\040\000L\000a\000b\000o\000r\000a\000t\000o\000r\000y\000\040\000a\000s\000s\000i\000g\000n\000m\000e\000n\000t\000s\000\040\000o\000n\000\040\000P\000r\000o\000j\000e\000c\000t\000\040\000A\000n\000a\000l\000y\000s\000i\000s\000\040\000o\000f\000\040\000A\000l\000g\000o\000r\000i\000t\000h\000m\000i\000c\000\040\000D\000e\000s\000i\000g\000n}{}% 107
\BOOKMARK [1][-]{section.1.A.1}{\376\377\000P\000R\000O\000B\000L\000E\000M\000\040\000D\000E\000V\000E\000L\000O\000P\000M\000E\000N\000T\000\040\000A\000N\000D\000\040\000F\000E\000A\000S\000I\000B\000I\000L\000I\000T\000Y\000\040\000A\000N\000A\000L\000Y\000S\000I\000S}{appendix.1.A}% 108
\BOOKMARK [2][-]{subsection.1.A.1.1}{\376\377\000I\000n\000t\000r\000o\000d\000u\000c\000t\000i\000o\000n}{section.1.A.1}% 109
\BOOKMARK [2][-]{subsection.1.A.1.2}{\376\377\000K\000n\000o\000w\000l\000e\000d\000g\000e\000\040\000C\000a\000n\000v\000a\000s\000\040\000a\000n\000d\000\040\000I\000D\000E\000A\000\040\000M\000a\000t\000r\000i\000x}{section.1.A.1}% 110
\BOOKMARK [2][-]{subsection.1.A.1.3}{\376\377\000F\000e\000a\000s\000i\000b\000i\000l\000i\000t\000y\000\040\000A\000s\000s\000e\000s\000s\000m\000e\000n\000t\000\040\000v\000i\000a\000\040\000C\000o\000m\000p\000u\000t\000a\000t\000i\000o\000n\000a\000l\000\040\000C\000o\000m\000p\000l\000e\000x\000i\000t\000y}{section.1.A.1}% 111
\BOOKMARK [2][-]{subsection.1.A.1.4}{\376\377\000M\000a\000t\000h\000e\000m\000a\000t\000i\000c\000a\000l\000\040\000M\000o\000d\000e\000l\000i\000n\000g\000\040\000f\000o\000r\000\040\000F\000e\000a\000s\000i\000b\000i\000l\000i\000t\000y}{section.1.A.1}% 112
\BOOKMARK [2][-]{subsection.1.A.1.5}{\376\377\000N\000e\000t\000w\000o\000r\000k\000\040\000a\000n\000d\000\040\000S\000c\000a\000l\000a\000b\000i\000l\000i\000t\000y\000\040\000A\000n\000a\000l\000y\000s\000i\000s}{section.1.A.1}% 113
\BOOKMARK [2][-]{subsection.1.A.1.6}{\376\377\000C\000o\000n\000c\000l\000u\000s\000i\000o\000n}{section.1.A.1}% 114
\BOOKMARK [0][-]{appendix.1.B}{\376\377\000A\000n\000n\000e\000x\000u\000r\000e\000\040\000L\000a\000b\000o\000r\000a\000t\000o\000r\000y\000\040\000a\000s\000s\000i\000g\000n\000m\000e\000n\000t\000s\000\040\000o\000n\000\040\000P\000r\000o\000j\000e\000c\000t\000\040\000Q\000u\000a\000l\000i\000t\000y\000\040\000a\000n\000d\000\040\000R\000e\000l\000i\000a\000b\000i\000l\000i\000t\000y\000\040\000T\000e\000s\000t\000i\000n\000g}{}% 115
\BOOKMARK [1][-]{subsection.1.B.0.1}{\376\377\000O\000b\000j\000e\000c\000t\000i\000v\000e}{appendix.1.B}% 116
\BOOKMARK [2][-]{subsection.1.B.0.2}{\376\377\000D\000i\000v\000i\000d\000e\000\040\000a\000n\000d\000\040\000C\000o\000n\000q\000u\000e\000r\000\040\000S\000t\000r\000a\000t\000e\000g\000y\000\040\000f\000o\000r\000\040\000F\000u\000n\000c\000t\000i\000o\000n\000a\000l\000\040\000A\000n\000a\000l\000y\000s\000i\000s}{subsection.1.B.0.1}% 117
\BOOKMARK [2][-]{subsection.1.B.0.3}{\376\377\000F\000u\000n\000c\000t\000i\000o\000n\000a\000l\000\040\000D\000e\000p\000e\000n\000d\000e\000n\000c\000y\000\040\000G\000r\000a\000p\000h\000s\000\040\000a\000n\000d\000\040\000S\000o\000f\000t\000w\000a\000r\000e\000\040\000M\000o\000d\000e\000l\000i\000n\000g}{subsection.1.B.0.1}% 118
\BOOKMARK [2][-]{subsection.1.B.0.4}{\376\377\000T\000e\000s\000t\000i\000n\000g\000\040\000a\000n\000d\000\040\000R\000e\000l\000i\000a\000b\000i\000l\000i\000t\000y\000\040\000A\000s\000s\000e\000s\000s\000m\000e\000n\000t}{subsection.1.B.0.1}% 119
\BOOKMARK [2][-]{subsection.1.B.0.5}{\376\377\000S\000e\000c\000u\000r\000i\000t\000y\000\040\000a\000n\000d\000\040\000E\000n\000v\000i\000r\000o\000n\000m\000e\000n\000t\000a\000l\000\040\000V\000a\000l\000i\000d\000a\000t\000i\000o\000n}{subsection.1.B.0.1}% 120
\BOOKMARK [2][-]{subsection.1.B.0.6}{\376\377\000C\000o\000n\000c\000l\000u\000s\000i\000o\000n}{subsection.1.B.0.1}% 121
\BOOKMARK [0][-]{appendix.1.C}{\376\377\000A\000n\000n\000e\000x\000u\000r\000e\000\040\000P\000r\000o\000j\000e\000c\000t\000\040\000P\000l\000a\000n\000n\000e\000r}{}% 122
\BOOKMARK [0][-]{appendix.1.D}{\376\377\000A\000n\000n\000e\000x\000u\000r\000e\000\040\000R\000e\000v\000i\000e\000w\000e\000r\000s\000\040\000C\000o\000m\000m\000e\000n\000t\000s\000\040\000o\000f\000\040\000P\000a\000p\000e\000r\000\040\000S\000u\000b\000m\000i\000t\000t\000e\000d}{}% 123
\BOOKMARK [1][-]{section.1.D.1}{\376\377\000R\000e\000s\000e\000a\000r\000c\000h\000\040\000P\000a\000p\000e\000r\000\040\000S\000e\000m\000-\000I}{appendix.1.D}% 124
\BOOKMARK [1][-]{section.1.D.2}{\376\377\000R\000e\000s\000e\000a\000r\000c\000h\000\040\000P\000a\000p\000e\000r\000\040\000S\000e\000m\000-\000I\000I}{appendix.1.D}% 125
\BOOKMARK [0][-]{appendix.1.E}{\376\377\000A\000n\000n\000e\000x\000u\000r\000e\000\040\000P\000l\000a\000g\000i\000a\000r\000i\000s\000m\000\040\000R\000e\000p\000o\000r\000t}{}% 126
\BOOKMARK [0][-]{appendix.1.F}{\376\377\000A\000n\000n\000e\000x\000u\000r\000e\000\040\000T\000e\000r\000m\000-\000I\000I\000\040\000P\000r\000o\000j\000e\000c\000t\000\040\000L\000a\000b\000o\000r\000a\000t\000o\000r\000y\000\040\000A\000s\000s\000i\000g\000n\000m\000e\000n\000t\000s}{}% 127
\BOOKMARK [1][-]{section.1.F.1}{\376\377\000A\000S\000S\000I\000G\000N\000M\000E\000N\000T\000\040\0001\000:\000\040\000R\000E\000V\000I\000E\000W\000\040\000O\000F\000\040\000D\000E\000S\000I\000G\000N\000\040\000A\000N\000D\000\040\000C\000O\000R\000R\000E\000C\000T\000I\000V\000E\000\040\000A\000C\000T\000I\000O\000N\000S}{appendix.1.F}% 128
\BOOKMARK [2][-]{subsection.1.F.1.1}{\376\377\000O\000b\000j\000e\000c\000t\000i\000v\000e}{section.1.F.1}% 129
\BOOKMARK [2][-]{subsection.1.F.1.2}{\376\377\000O\000u\000t\000c\000o\000m\000e\000s}{section.1.F.1}% 130
\BOOKMARK [2][-]{subsection.1.F.1.3}{\376\377\000D\000e\000s\000i\000g\000n\000\040\000o\000f\000\040\000S\000o\000l\000u\000t\000i\000o\000n}{section.1.F.1}% 131
\BOOKMARK [2][-]{subsection.1.F.1.4}{\376\377\000C\000o\000n\000c\000l\000u\000s\000i\000o\000n}{section.1.F.1}% 132
\BOOKMARK [1][-]{section.1.F.2}{\376\377\000A\000S\000S\000I\000G\000N\000M\000E\000N\000T\000\040\0002\000:\000\040\000W\000O\000R\000K\000S\000T\000A\000T\000I\000O\000N\000\040\000S\000E\000T\000U\000P\000\040\000A\000N\000D\000\040\000I\000N\000S\000T\000A\000L\000L\000A\000T\000I\000O\000N}{appendix.1.F}% 133
\BOOKMARK [2][-]{subsection.1.F.2.1}{\376\377\000P\000r\000o\000j\000e\000c\000t\000\040\000W\000o\000r\000k\000s\000t\000a\000t\000i\000o\000n\000\040\000S\000e\000l\000e\000c\000t\000i\000o\000n}{section.1.F.2}% 134
\BOOKMARK [2][-]{subsection.1.F.2.2}{\376\377\000I\000n\000s\000t\000a\000l\000l\000a\000t\000i\000o\000n\000\040\000S\000t\000e\000p\000s}{section.1.F.2}% 135
\BOOKMARK [2][-]{subsection.1.F.2.3}{\376\377\000C\000o\000n\000c\000l\000u\000s\000i\000o\000n}{section.1.F.2}% 136
\BOOKMARK [1][-]{section.1.F.3}{\376\377\000A\000S\000S\000I\000G\000N\000M\000E\000N\000T\000\040\0003\000:\000\040\000P\000R\000O\000J\000E\000C\000T\000\040\000P\000R\000O\000G\000R\000A\000M\000M\000I\000N\000G\000\040\000A\000N\000D\000\040\000G\000U\000I\000\040\000D\000E\000V\000E\000L\000O\000P\000M\000E\000N\000T}{appendix.1.F}% 137
\BOOKMARK [2][-]{subsection.1.F.3.1}{\376\377\000O\000v\000e\000r\000v\000i\000e\000w}{section.1.F.3}% 138
\BOOKMARK [2][-]{subsection.1.F.3.2}{\376\377\000T\000e\000c\000h\000n\000o\000l\000o\000g\000i\000e\000s\000\040\000U\000s\000e\000d}{section.1.F.3}% 139
\BOOKMARK [2][-]{subsection.1.F.3.3}{\376\377\000C\000o\000n\000c\000l\000u\000s\000i\000o\000n}{section.1.F.3}% 140
\BOOKMARK [1][-]{section.1.F.4}{\376\377\000A\000S\000S\000I\000G\000N\000M\000E\000N\000T\000\040\0004\000:\000\040\000T\000E\000S\000T\000I\000N\000G\000\040\000A\000N\000D\000\040\000V\000A\000L\000I\000D\000A\000T\000I\000O\000N}{appendix.1.F}% 141
\BOOKMARK [2][-]{subsection.1.F.4.1}{\376\377\000W\000h\000i\000t\000e\000\040\000B\000o\000x\000\040\000T\000e\000s\000t\000i\000n\000g}{section.1.F.4}% 142
\BOOKMARK [2][-]{subsection.1.F.4.2}{\376\377\000B\000l\000a\000c\000k\000\040\000B\000o\000x\000\040\000T\000e\000s\000t\000i\000n\000g}{section.1.F.4}% 143
\BOOKMARK [2][-]{subsection.1.F.4.3}{\376\377\000I\000o\000T\000\040\000I\000n\000t\000e\000g\000r\000a\000t\000i\000o\000n\000\040\000T\000e\000s\000t\000i\000n\000g}{section.1.F.4}% 144
\BOOKMARK [2][-]{subsection.1.F.4.4}{\376\377\000B\000l\000o\000c\000k\000c\000h\000a\000i\000n\000\040\000P\000e\000r\000f\000o\000r\000m\000a\000n\000c\000e\000\040\000T\000e\000s\000t\000i\000n\000g}{section.1.F.4}% 145
\BOOKMARK [2][-]{subsection.1.F.4.5}{\376\377\000C\000o\000n\000c\000l\000u\000s\000i\000o\000n}{section.1.F.4}% 146
\BOOKMARK [0][-]{appendix.1.G}{\376\377\000A\000n\000n\000e\000x\000u\000r\000e\000\040\000I\000n\000f\000o\000r\000m\000a\000t\000i\000o\000n\000\040\000o\000f\000\040\000P\000r\000o\000j\000e\000c\000t\000\040\000G\000r\000o\000u\000p\000\040\000M\000e\000m\000b\000e\000r\000s}{}% 147
\BOOKMARK [0][-]{appendix.14}{\376\377\000R\000E\000S\000E\000A\000R\000C\000H\000\040\000P\000A\000P\000E\000R\000\040\000S\000E\000M\000-\000I}{}% 148
\BOOKMARK [0][-]{appendix.15}{\376\377\000C\000E\000R\000T\000I\000F\000I\000C\000A\000T\000E\000\040\000O\000F\000\040\000P\000U\000B\000L\000I\000C\000A\000T\000I\000O\000N\000\040\040\023\000\040\000S\000E\000M\000E\000S\000T\000E\000R\000\040\000I}{}% 149
\BOOKMARK [0][-]{appendix.16}{\376\377\000R\000E\000S\000E\000A\000R\000C\000H\000\040\000P\000A\000P\000E\000R\000\040\000S\000E\000M\000-\000I\000I}{}% 150
\BOOKMARK [0][-]{appendix.17}{\376\377\000C\000E\000R\000T\000I\000F\000I\000C\000A\000T\000E\000\040\000O\000F\000\040\000P\000U\000B\000L\000I\000C\000A\000T\000I\000O\000N\000\040\040\023\000\040\000S\000E\000M\000E\000S\000T\000E\000R\000\040\000I\000I}{}% 151
